#
# An unexpected error has been detected by Java Runtime Environment:
#
#  EXCEPTION_ACCESS_VIOLATION (0xc0000005) at pc=0x0b0843b3, pid=4928, tid=5468
#
# Java VM: Java HotSpot(TM) Client VM (11.3-b02 mixed mode windows-x86)
# Problematic frame:
# C  [LEDSender.dll+0x43b3]
#
# If you would like to submit a bug report, please visit:
#   http://java.sun.com/webapps/bugreport/crash.jsp
# The crash happened outside the Java Virtual Machine in native code.
# See problematic frame for where to report the bug.
#

---------------  T H R E A D  ---------------

Current thread (0x00847000):  JavaThread "main" [_thread_in_native, id=5468, stack(0x008d0000,0x00920000)]

siginfo: ExceptionCode=0xc0000005, reading address 0x00000010

Registers:
EAX=0x0091f4cc, EBX=0x000000a0, ECX=0x00000000, EDX=0x00000010
ESP=0x0091f4b0, EBP=0x0091f4d0, ESI=0x0091f7f0, EDI=0x00847000
EIP=0x0b0843b3, EFLAGS=0x00010202

Top of Stack: (sp=0x0091f4b0)
0x0091f4b0:   00000010 0b1429c9 0091fdc8 0b142a62
0x0091f4c0:   0091f4d0 000000a0 00000000 00000000
0x0091f4d0:   0091f578 1000da37 00000000 00000000
0x0091f4e0:   00000000 00000000 00000000 00000040
0x0091f4f0:   00000000 00000010 00000000 00000001
0x0091f500:   00000000 00000000 00000000 00034660
0x0091f510:   000329f0 0000000c 00000000 0000ffff
0x0091f520:   00000000 00000000 00000000 00000001 

Instructions: (pc=0x0b0843b3)
0x0b0843a3:   00 e8 fb fe ff ff 5a c3 90 31 c9 85 d2 74 21 52
0x0b0843b3:   3a 0a 74 17 3a 4a 01 74 11 3a 4a 02 74 0b 3a 4a 


Stack: [0x008d0000,0x00920000],  sp=0x0091f4b0,  free space=317k
Native frames: (J=compiled Java code, j=interpreted, Vv=VM code, C=native code)
C  [LEDSender.dll+0x43b3]
C  [jna6627818989339019557.tmp+0xda37]
C  [jna6627818989339019557.tmp+0x9182]
C  [jna6627818989339019557.tmp+0x2161]
C  [jna6627818989339019557.tmp+0x2849]
j  com.sun.jna.Function.invokeInt(I[Ljava/lang/Object;)I+0
j  com.sun.jna.Function.invoke([Ljava/lang/Object;Ljava/lang/Class;)Ljava/lang/Object;+309
j  com.sun.jna.Function.invoke(Ljava/lang/Class;[Ljava/lang/Object;Ljava/util/Map;)Ljava/lang/Object;+194
j  com.sun.jna.Library$Handler.invoke(Ljava/lang/Object;Ljava/lang/reflect/Method;[Ljava/lang/Object;)Ljava/lang/Object;+344
j  $Proxy0.AddText(IJJJJJJLjava/lang/String;Ljava/lang/String;JJJJJJJJJJJJ)I+188
j  SZLedUnit.main([Ljava/lang/String;)V+247
v  ~StubRoutines::call_stub

Java frames: (J=compiled Java code, j=interpreted, Vv=VM code)
j  com.sun.jna.Function.invokeInt(I[Ljava/lang/Object;)I+0
j  com.sun.jna.Function.invoke([Ljava/lang/Object;Ljava/lang/Class;)Ljava/lang/Object;+309
j  com.sun.jna.Function.invoke(Ljava/lang/Class;[Ljava/lang/Object;Ljava/util/Map;)Ljava/lang/Object;+194
j  com.sun.jna.Library$Handler.invoke(Ljava/lang/Object;Ljava/lang/reflect/Method;[Ljava/lang/Object;)Ljava/lang/Object;+344
j  $Proxy0.AddText(IJJJJJJLjava/lang/String;Ljava/lang/String;JJJJJJJJJJJJ)I+188
j  SZLedUnit.main([Ljava/lang/String;)V+247
v  ~StubRoutines::call_stub

---------------  P R O C E S S  ---------------

Java Threads: ( => current thread )
  0x0ab0b800 JavaThread "Low Memory Detector" daemon [_thread_blocked, id=5432, stack(0x0ad50000,0x0ada0000)]
  0x0ab08800 JavaThread "CompilerThread0" daemon [_thread_blocked, id=5512, stack(0x0ad00000,0x0ad50000)]
  0x0aaff000 JavaThread "Attach Listener" daemon [_thread_blocked, id=1540, stack(0x0acb0000,0x0ad00000)]
  0x0aafdc00 JavaThread "Signal Dispatcher" daemon [_thread_blocked, id=764, stack(0x0ac60000,0x0acb0000)]
  0x0aaec800 JavaThread "Finalizer" daemon [_thread_blocked, id=5484, stack(0x0ac10000,0x0ac60000)]
  0x0aae8000 JavaThread "Reference Handler" daemon [_thread_blocked, id=5492, stack(0x0abc0000,0x0ac10000)]
=>0x00847000 JavaThread "main" [_thread_in_native, id=5468, stack(0x008d0000,0x00920000)]

Other Threads:
  0x0aae4800 VMThread [stack: 0x0ab70000,0x0abc0000] [id=5488]
  0x0ab0d400 WatcherThread [stack: 0x0ada0000,0x0adf0000] [id=5508]

VM state:not at safepoint (normal execution)

VM Mutex/Monitor currently owned by a thread: None

Heap
 def new generation   total 960K, used 698K [0x029d0000, 0x02ad0000, 0x02eb0000)
  eden space 896K,  70% used [0x029d0000, 0x02a6ea48, 0x02ab0000)
  from space 64K, 100% used [0x02ac0000, 0x02ad0000, 0x02ad0000)
  to   space 64K,   0% used [0x02ab0000, 0x02ab0000, 0x02ac0000)
 tenured generation   total 4096K, used 144K [0x02eb0000, 0x032b0000, 0x069d0000)
   the space 4096K,   3% used [0x02eb0000, 0x02ed4300, 0x02ed4400, 0x032b0000)
 compacting perm gen  total 12288K, used 3336K [0x069d0000, 0x075d0000, 0x0a9d0000)
   the space 12288K,  27% used [0x069d0000, 0x06d12280, 0x06d12400, 0x075d0000)
No shared spaces configured.

Dynamic libraries:
0x00400000 - 0x00424000 	D:\MyEclipse 8.0\Common\binary\com.sun.java.jdk.win32.x86_1.6.0.013\bin\javaw.exe
0x7c920000 - 0x7c9b6000 	C:\WINDOWS\system32\ntdll.dll
0x7c800000 - 0x7c91d000 	C:\WINDOWS\system32\kernel32.dll
0x77da0000 - 0x77e49000 	C:\WINDOWS\system32\ADVAPI32.dll
0x77e50000 - 0x77ee2000 	C:\WINDOWS\system32\RPCRT4.dll
0x77fc0000 - 0x77fd1000 	C:\WINDOWS\system32\Secur32.dll
0x77d10000 - 0x77d9f000 	C:\WINDOWS\system32\USER32.dll
0x77ef0000 - 0x77f38000 	C:\WINDOWS\system32\GDI32.dll
0x76300000 - 0x7631d000 	C:\WINDOWS\system32\IMM32.DLL
0x62c20000 - 0x62c29000 	C:\WINDOWS\system32\LPK.DLL
0x73fa0000 - 0x7400b000 	C:\WINDOWS\system32\USP10.dll
0x77be0000 - 0x77c38000 	C:\WINDOWS\system32\msvcrt.dll
0x7c340000 - 0x7c396000 	D:\MyEclipse 8.0\Common\binary\com.sun.java.jdk.win32.x86_1.6.0.013\jre\bin\msvcr71.dll
0x6d8b0000 - 0x6db06000 	D:\MyEclipse 8.0\Common\binary\com.sun.java.jdk.win32.x86_1.6.0.013\jre\bin\client\jvm.dll
0x76b10000 - 0x76b3a000 	C:\WINDOWS\system32\WINMM.dll
0x6d340000 - 0x6d348000 	D:\MyEclipse 8.0\Common\binary\com.sun.java.jdk.win32.x86_1.6.0.013\jre\bin\hpi.dll
0x76bc0000 - 0x76bcb000 	C:\WINDOWS\system32\PSAPI.DLL
0x6d860000 - 0x6d86c000 	D:\MyEclipse 8.0\Common\binary\com.sun.java.jdk.win32.x86_1.6.0.013\jre\bin\verify.dll
0x6d3e0000 - 0x6d3ff000 	D:\MyEclipse 8.0\Common\binary\com.sun.java.jdk.win32.x86_1.6.0.013\jre\bin\java.dll
0x6d8a0000 - 0x6d8af000 	D:\MyEclipse 8.0\Common\binary\com.sun.java.jdk.win32.x86_1.6.0.013\jre\bin\zip.dll
0x0ffd0000 - 0x0fff8000 	C:\WINDOWS\system32\rsaenh.dll
0x759d0000 - 0x75a7e000 	C:\WINDOWS\system32\USERENV.dll
0x5fdd0000 - 0x5fe24000 	C:\WINDOWS\system32\netapi32.dll
0x6d6c0000 - 0x6d6d3000 	D:\MyEclipse 8.0\Common\binary\com.sun.java.jdk.win32.x86_1.6.0.013\jre\bin\net.dll
0x71a20000 - 0x71a37000 	C:\WINDOWS\system32\WS2_32.dll
0x71a10000 - 0x71a18000 	C:\WINDOWS\system32\WS2HELP.dll
0x719c0000 - 0x719fe000 	C:\WINDOWS\System32\mswsock.dll
0x76ef0000 - 0x76f17000 	C:\WINDOWS\system32\DNSAPI.dll
0x76f80000 - 0x76f88000 	C:\WINDOWS\System32\winrnr.dll
0x76f30000 - 0x76f5c000 	C:\WINDOWS\system32\WLDAP32.dll
0x76f90000 - 0x76f96000 	C:\WINDOWS\system32\rasadhlp.dll
0x10000000 - 0x10052000 	C:\Documents and Settings\yujiang\Local Settings\Temp\jna6627818989339019557.tmp
0x0b080000 - 0x0b167000 	D:\MyEclipse 8.0\Workspaces\MyEclipse 8.x Latest\JavaDemo\LEDSender.dll
0x770f0000 - 0x7717b000 	C:\WINDOWS\system32\oleaut32.dll
0x76990000 - 0x76acd000 	C:\WINDOWS\system32\ole32.dll
0x77bd0000 - 0x77bd8000 	C:\WINDOWS\system32\version.dll
0x77180000 - 0x77283000 	C:\WINDOWS\WinSxS\x86_Microsoft.Windows.Common-Controls_6595b64144ccf1df_6.0.2600.3744_x-ww_d9c64cc6\comctl32.dll
0x77f40000 - 0x77fb6000 	C:\WINDOWS\system32\SHLWAPI.dll
0x72f70000 - 0x72f96000 	C:\WINDOWS\system32\winspool.drv
0x71a40000 - 0x71a4b000 	C:\WINDOWS\system32\wsock32.dll
0x73ac0000 - 0x73ad7000 	C:\WINDOWS\system32\AVIFil32.Dll
0x77bb0000 - 0x77bc5000 	C:\WINDOWS\system32\MSACM32.dll
0x73b40000 - 0x73b60000 	C:\WINDOWS\system32\MSVFW32.dll
0x7d590000 - 0x7dd83000 	C:\WINDOWS\system32\SHELL32.dll
0x0b170000 - 0x0b183000 	D:\MyEclipse 8.0\Workspaces\MyEclipse 8.x Latest\JavaDemo\Lzss.dll
0x73d30000 - 0x73e2e000 	C:\WINDOWS\system32\MFC42.DLL
0x61be0000 - 0x61bed000 	C:\WINDOWS\system32\MFC42LOC.DLL
0x0b2c0000 - 0x0b31d000 	C:\Program Files\360\360Safe\safemon\safemon.dll
0x75ff0000 - 0x76055000 	C:\WINDOWS\system32\MSVCP60.dll
0x0b330000 - 0x0b3ff000 	C:\WINDOWS\system32\WININET.dll
0x0b400000 - 0x0b409000 	C:\WINDOWS\system32\Normaliz.dll
0x6e850000 - 0x6e895000 	C:\WINDOWS\system32\iertutil.dll
0x74680000 - 0x746cc000 	C:\WINDOWS\system32\MSCTF.dll
0x76d70000 - 0x76d92000 	C:\WINDOWS\system32\apphelp.dll
0x73640000 - 0x7366e000 	C:\WINDOWS\system32\msctfime.ime
0x5adc0000 - 0x5adf7000 	C:\WINDOWS\system32\UxTheme.dll

VM Arguments:
jvm_args: -Dfile.encoding=GBK 
java_command: SZLedUnit
Launcher Type: SUN_STANDARD

Environment Variables:
PATH=D:/MyEclipse 8.0/Common/binary/com.sun.java.jdk.win32.x86_1.6.0.013/jre/bin/client;D:/MyEclipse 8.0/Common/binary/com.sun.java.jdk.win32.x86_1.6.0.013/jre/bin;C:\PROGRA~1\Borland\Delphi5\Projects\Bpl;C:\PROGRA~1\Borland\vbroker\jre\Bin;C:\PROGRA~1\Borland\vbroker\Bin;C:\PROGRA~1\Borland\Delphi5\Bin;C:\Windows\System32;C:\Inprise\vbroker\bin;C:\Program Files\Borland\Delphi7\Bin;C:\Program Files\Borland\Delphi7\Projects\Bpl\;C:\WINDOWS\system32;C:\WINDOWS;C:\WINDOWS\System32\Wbem;C:\Program Files\Intel\WiFi\bin\;C:\PROGRA~1\Borland\Delphi6\Bin;C:\PROGRA~1\Borland\Delphi6\Projects\Bpl;C:\Program Files\Common Files\Thunder Network\KanKan\Codecs;C:\Program Files\Microsoft SQL Server\80\Tools\BINN
USERNAME=yujiang
OS=Windows_NT
PROCESSOR_IDENTIFIER=x86 Family 6 Model 15 Stepping 10, GenuineIntel



---------------  S Y S T E M  ---------------

OS: Windows XP Build 2600 Service Pack 2

CPU:total 2 (2 cores per cpu, 1 threads per core) family 6 model 15 stepping 10, cmov, cx8, fxsr, mmx, sse, sse2, sse3, ssse3

Memory: 4k page, physical 1030372k(270636k free), swap 2482072k(968636k free)

vm_info: Java HotSpot(TM) Client VM (11.3-b02) for windows-x86 JRE (1.6.0_13-b03), built on Mar  9 2009 01:15:24 by "java_re" with MS VC++ 7.1

time: Tue Apr 12 16:37:40 2011
elapsed time: 2 seconds

